~0x22a9cfd84000
@?
!?
c-1:%Save:{Window}:"Object":%safe
!?
c-1:%Save:{Window}:"Function":%safe
!?
c-1:%Save:{Window}:"Array":%safe
!?
c-1:%Save:{Window}:"String":%safe
!?
c-1:%Save:{Window}:"RegExp":%safe
!?
c-1:%Save:{Window}:"Error":%safe
!?
c-1:%Save:{Window}:"JSON":{Object}
@"http\://g1.cdn.advgalaxy.com"
!?
n-1:%CustomWrappableAdapter
$13:"http\://g1.cdn.advgalaxy.com/libs/banner_html5.js":var clickTag='';\x0aif (a=window.location.href.match(/clickTag=(.*)/)) {\x0a\x09clickTag=a[1];\x0a\x09if (clickTag.indexOf('%26')!=-1)\x0a\x09\x09clickTag=unescape(clickTag);\x0a}\x0avar ar_redirect = clickTag;\x0avar clickTAG = clickTag;\x0a\x0afunction makeClick(url) {\x0a\x09if (typeof(url)=='object') {\x0a\x09\x09if (url.other)\x0a\x09\x09\x09url=url.other;\x0a\x09\x09else\x0a\x09\x09\x09url='';\x0a\x09}\x0a\x09if (typeof(url)=='undefined')\x0a\x09\x09url='';\x0a\x09else if (url.indexOf('//') == -1)\x0a\x09\x09url='';\x0a\x09else\x0a\x09\x09url=escape(url);\x0a\x09if (url!='')\x0a\x09\x09url='&u'+url;\x0a\x09window.open(clickTag+url);\x0areturn false;\x0a\x0a}\x0a\x0a\x0awindow.ar_callLink = function (param) {\x0a\x09makeClick(param);\x0a\x09return void(0);\x0a}\x0a\x0afunction ar_sendPixel(src) {}\x0a\x0aif (typeof admixAPI!='undefined')\x0a\x09admixAPI.click = makeClick;\x0a\x0aif (typeof ExitApi!='undefined')\x0a\x09ExitApi.exit = makeClick;\x0a\x0aif( window.addEventListener ){\x0a\x09    window.addEventListener("message", lisMes, false);\x0a\x09\x09\x09window.addEventListener("click", pstMes, false);\x0a\x09  }else{\x0a\x09    window.attachEvent("onmessage", lisMes);\x0a\x09\x09\x09window.attachEvent("onclick", pstMes);\x0a}\x0a\x0afunction lisMes(event){ console.log('lisMes');\x0a\x09  if(typeof event != 'undefined' && typeof event.data != 'undefined' && event.data != null){\x0a\x09      try{\x0a\x09         var data = (typeof event.data == 'string')?JSON.parse(event.data)\:event.data;\x0a\x09         if(typeof data.advMediaId != "undefined" && data.advMediaId != null){\x0a\x09             window.advMediaId = data.advMediaId;\x0a\x09         }\x0a\x09\x09\x09\x09\x09 if(typeof data.advZoneId != "undefined" && data.advZoneId != null){\x0a\x09\x09\x09\x09\x09\x09\x09 window.advZoneId = data.advZoneId;\x0a\x09         }\x0a\x09\x09\x09\x09\x09 console.log(window.advMediaId);\x0a\x09\x09\x09\x09\x09 console.log(window.advZoneId);\x0a\x09         }catch(e){}\x0a\x09    }\x0a}\x0afunction pstMes(){ console.log('pstMes');\x0a\x09if(typeof window.advMediaId != 'undefined'){\x0a\x09\x09var post_data = '{"advZoneId"\:"'+window.advZoneId+'","advMediaId"\:"'+window.advMediaId+'"}';\x0a\x09\x09console.log(post_data);\x0a\x09\x09\x09if(typeof MessageChannel != 'undefined' ){\x0a\x09\x09\x09\x09try{JSON.stringify(post_data)}catch(e){console.log(e);}\x0a\x09\x09\x09\x09try{\x0a\x09\x09\x09\x09\x09\x09var channel = new MessageChannel();\x0a\x09\x09\x09\x09\x09\x09window.parent.postMessage(post_data, '*', [channel.port2]);\x0a\x09\x09\x09\x09\x09}catch(e){}\x0a\x09\x09\x09}else{\x0a\x09\x09\x09\x09if(typeof window.postMessage != 'undefined' ){\x0a\x09\x09\x09\x09\x09\x09setTimeout(function(){window.parent.postMessage(post_data, '*'); }, 1010, window.parent, post_data);\x0a\x09\x09\x09}\x0a\x09\x09}\x0a\x09}\x0a}\x0a
!13
g30:{Window}:"location"
n30:%Location
g39:{Location}:"href"
g753:{Window}:"addEventListener"
g785:{Window}:"addEventListener"
c785:%addEventListener:{Window}:"message":lisMes:#F
g839:{Window}:"addEventListener"
c839:%addEventListener:{Window}:"click":pstMes:#F
!?
n-1:%MessageEvent
!13
g1079:{MessageEvent}:"data"
c1079:?:{MessageEvent}
g1108:{MessageEvent}:"data"
c1108:?:{MessageEvent}
g1170:{MessageEvent}:"data"
g1205:{MessageEvent}:"data"
g1520:{Window}:"advMediaId"
g1558:{Window}:"advZoneId"
